  FCKlient.cpp
c:\users\varvolk\documents\visual studio 2015\projects\fcklient\fcklient\ConnectwithUSer.h(24): warning C4312: приведение типов: преобразование из "int" в "LPWSTR" большего размера
c:\users\varvolk\documents\visual studio 2015\projects\fcklient\fcklient\ConnectwithUSer.h(31): warning C4312: приведение типов: преобразование из "int" в "LPWSTR" большего размера
c:\users\varvolk\documents\visual studio 2015\projects\fcklient\fcklient\ConnectwithUSer.h(49): warning C4312: приведение типов: преобразование из "int" в "LPWSTR" большего размера
c:\users\varvolk\documents\visual studio 2015\projects\fcklient\fcklient\ConnectwithUSer.h(105): warning C4312: приведение типов: преобразование из "int" в "LPWSTR" большего размера
c:\users\varvolk\documents\visual studio 2015\projects\fcklient\fcklient\ConnectwithUSer.h(111): warning C4312: приведение типов: преобразование из "int" в "LPWSTR" большего размера
c:\users\varvolk\documents\visual studio 2015\projects\fcklient\fcklient\ConnectwithUSer.h(125): warning C4312: приведение типов: преобразование из "int" в "LPWSTR" большего размера
c:\users\varvolk\documents\visual studio 2015\projects\fcklient\fcklient\audioconnect.h(82): warning C4101: ch: неиспользованная локальная переменная
c:\users\varvolk\documents\visual studio 2015\projects\fcklient\fcklient\audioconnect.h(93): warning C4101: clientaddr: неиспользованная локальная переменная
c:\users\varvolk\documents\visual studio 2015\projects\fcklient\fcklient\audioconnect.h(94): warning C4101: iSize: неиспользованная локальная переменная
c:\users\varvolk\documents\visual studio 2015\projects\fcklient\fcklient\audioconnect.h(138): warning C4101: szMessage: неиспользованная локальная переменная
FCKlient.cpp(116): warning C4267: аргумент: преобразование из "size_t" в "int"; возможна потеря данных
FCKlient.cpp(124): warning C4101: name: неиспользованная локальная переменная
FCKlient.cpp(123): warning C4101: save2: неиспользованная локальная переменная
FCKlient.cpp(122): warning C4101: save: неиспользованная локальная переменная
FCKlient.cpp(144): warning C4101: dwNetThreadId3: неиспользованная локальная переменная
FCKlient.cpp(143): warning C4101: hNetThread3: неиспользованная локальная переменная
  Создание кода
  3 of 226 functions ( 1.3%) were compiled, the rest were copied from previous compilation.
    0 functions were new in current compilation
    2 functions had inline decision re-evaluated but remain unchanged
  Создание кода завершено
  FCKlient.vcxproj -> C:\Users\varvolk\Documents\Visual Studio 2015\Projects\FCKlient\x64\Release\FCKlient.exe
  FCKlient.vcxproj -> C:\Users\varvolk\Documents\Visual Studio 2015\Projects\FCKlient\x64\Release\FCKlient.pdb (Full PDB)
